<?xml version="1.0" encoding="UTF-8"?>
<testng-results ignored="0" total="1" passed="1" failed="0" skipped="0">
  <reporter-output>
  </reporter-output>
  <suite started-at="2022-12-17T13:17:05 IST" name="Default suite" finished-at="2022-12-17T13:17:42 IST" duration-ms="37366">
    <groups>
    </groups>
    <test started-at="2022-12-17T13:17:05 IST" name="Default test" finished-at="2022-12-17T13:17:42 IST" duration-ms="37366">
      <class name="com.test.medirunner">
        <test-method is-config="true" signature="beforeClass()[pri:0, instance:com.test.medirunner@306e95ec]" started-at="2022-12-17T13:17:05 IST" name="beforeClass" finished-at="2022-12-17T13:17:14 IST" duration-ms="8907" status="PASS">
          <reporter-output>
          </reporter-output>
        </test-method> <!-- beforeClass -->
        <test-method signature="f()[pri:0, instance:com.test.medirunner@306e95ec]" started-at="2022-12-17T13:17:14 IST" name="f" finished-at="2022-12-17T13:17:42 IST" duration-ms="28418" status="PASS">
          <reporter-output>
          </reporter-output>
        </test-method> <!-- f -->
        <test-method is-config="true" signature="afterClass()[pri:0, instance:com.test.medirunner@306e95ec]" started-at="2022-12-17T13:17:42 IST" name="afterClass" finished-at="2022-12-17T13:17:42 IST" duration-ms="1" status="PASS">
          <reporter-output>
          </reporter-output>
        </test-method> <!-- afterClass -->
      </class> <!-- com.test.medirunner -->
    </test> <!-- Default test -->
  </suite> <!-- Default suite -->
</testng-results>
